\BOOKMARK [0][-]{chapter.1}{\376\377\000I\000n\000t\000r\000o\000d\000u\000c\000t\000i\000o\000n}{}% 1
\BOOKMARK [1][-]{section.1.1}{\376\377\000p\000r\000o\000b\000l\000\351\000m\000a\000t\000i\000q\000u\000e\000\040\000e\000t\000\040\000c\000o\000n\000t\000e\000x\000t\000e}{chapter.1}% 2
\BOOKMARK [1][-]{section.1.2}{\376\377\000C\000a\000r\000b\000o\000n\000e\000\040\000o\000r\000g\000a\000n\000i\000q\000u\000e\000\040\000d\000u\000\040\000s\000o\000l}{chapter.1}% 3
\BOOKMARK [2][-]{subsection.1.2.1}{\376\377\000C\000y\000c\000l\000e\000\040\000d\000u\000\040\000c\000a\000r\000b\000o\000n\000e\000\040\000e\000t\000\040\000p\000u\000i\000t\000s\000\040\000d\000e\000\040\000c\000a\000r\000b\000o\000n\000e}{section.1.2}% 4
\BOOKMARK [2][-]{subsection.1.2.2}{\376\377\000R\000\364\000l\000e\000\040\000d\000u\000\040\000S\000O\000C\000\040\000d\000a\000n\000s\000\040\000l\000e\000s\000\040\000\351\000c\000o\000s\000y\000s\000t\000\350\000m\000e\000s}{section.1.2}% 5
\BOOKMARK [2][-]{subsection.1.2.3}{\376\377\000S\000\351\000q\000u\000e\000s\000t\000r\000a\000t\000i\000o\000n\000\040\000d\000u\000\040\000c\000a\000r\000b\000o\000n\000e}{section.1.2}% 6
\BOOKMARK [1][-]{section.1.3}{\376\377\000O\000b\000j\000e\000c\000t\000i\000f\000s\000\040\000s\000c\000i\000e\000n\000t\000i\000f\000i\000q\000u\000e\000s\000\040\000e\000t\000\040\000o\000r\000i\000g\000i\000n\000a\000l\000i\000t\000\351\000\040\000d\000u\000\040\000t\000r\000a\000v\000a\000i\000l}{chapter.1}% 7
\BOOKMARK [1][-]{section.1.4}{\376\377\000C\000o\000n\000c\000l\000u\000s\000i\000o\000n}{chapter.1}% 8
\BOOKMARK [0][-]{chapter.2}{\376\377\000\311\000t\000a\000t\000\040\000d\000e\000\040\000l\040\031\000a\000r\000t}{}% 9
\BOOKMARK [1][-]{section.2.1}{\376\377\000C\000o\000n\000c\000e\000p\000t\000s\000\040\000e\000t\000\040\000e\000n\000j\000e\000u\000x}{chapter.2}% 10
\BOOKMARK [1][-]{section.2.2}{\376\377\000D\000o\000n\000n\000\351\000e\000s\000\040\000d\040\031\000o\000b\000s\000e\000r\000v\000a\000t\000i\000o\000n\000\040\000o\000p\000t\000i\000q\000u\000e}{chapter.2}% 11
\BOOKMARK [2][-]{subsection.2.2.1}{\376\377\000S\000e\000n\000t\000i\000n\000e\000l\040\021\0002\000\040\000\050\000M\000S\000I\000\051}{section.2.2}% 12
\BOOKMARK [2][-]{subsection.2.2.2}{\376\377\000L\000a\000n\000d\000s\000a\000t\040\021\0008\000\040\000\050\000O\000L\000I\000/\000T\000I\000R\000S\000\051}{section.2.2}% 13
\BOOKMARK [2][-]{subsection.2.2.3}{\376\377\000C\000o\000v\000a\000r\000i\000a\000b\000l\000e\000s\000\040\000e\000x\000o\000g\000\350\000n\000e\000s}{section.2.2}% 14
\BOOKMARK [1][-]{section.2.3}{\376\377\000P\000r\000o\000j\000e\000t\000s\000\040\000i\000n\000t\000e\000r\000n\000a\000t\000i\000o\000n\000a\000u\000x\000\040\000d\000e\000\040\000c\000a\000r\000t\000o\000g\000r\000a\000p\000h\000i\000e\000\040\000d\000u\000\040\000S\000O\000C}{chapter.2}% 15
\BOOKMARK [2][-]{subsection.2.3.1}{\376\377\000i\000S\000D\000A\000s\000o\000i\000l}{section.2.3}% 16
\BOOKMARK [2][-]{subsection.2.3.2}{\376\377\000S\000o\000i\000l\000G\000r\000i\000d\000s}{section.2.3}% 17
\BOOKMARK [1][-]{section.2.4}{\376\377\000A\000p\000p\000r\000o\000c\000h\000e\000s\000\040\000d\000e\000\040\000c\000a\000r\000t\000o\000g\000r\000a\000p\000h\000i\000e\000\040\000p\000\351\000d\000o\000l\000o\000g\000i\000q\000u\000e}{chapter.2}% 18
\BOOKMARK [2][-]{subsection.2.4.1}{\376\377\000G\000\351\000o\000s\000t\000a\000t\000i\000s\000t\000i\000q\000u\000e}{section.2.4}% 19
\BOOKMARK [2][-]{subsection.2.4.2}{\376\377\000A\000p\000p\000r\000e\000n\000t\000i\000s\000s\000a\000g\000e\000\040\000a\000u\000t\000o\000m\000a\000t\000i\000q\000u\000e}{section.2.4}% 20
\BOOKMARK [1][-]{section.2.5}{\376\377\000P\000r\000o\000t\000o\000c\000o\000l\000e\000s\000\040\000d\040\031\000\351\000v\000a\000l\000u\000a\000t\000i\000o\000n\000\040\000e\000t\000\040\000m\000\351\000t\000r\000i\000q\000u\000e\000s}{chapter.2}% 21
\BOOKMARK [1][-]{section.2.6}{\376\377\000I\000n\000c\000e\000r\000t\000i\000t\000u\000d\000e\000\040\000e\000t\000\040\000i\000n\000t\000e\000r\000p\000r\000\351\000t\000a\000b\000i\000l\000i\000t\000\351}{chapter.2}% 22
\BOOKMARK [1][-]{section.2.7}{\376\377\000T\000r\000a\000v\000a\000u\000x\000\040\000d\000e\000\040\000T\000h\000i\000a\000m\000\040\000\050\0002\0000\0002\0002\040\023\0002\0000\0002\0003\000\051}{chapter.2}% 23
\BOOKMARK [2][-]{subsection.2.7.1}{\376\377\000\040\000g\000\351\000o\000s\000t\000a\000t\000i\000s\000t\000i\000q\000u\000e\000\040\000v\000s\000\040\000a\000p\000p\000r\000e\000n\000t\000i\000s\000s\000a\000g\000e\000\040\000a\000u\000t\000o\000m\000a\000t\000i\000q\000u\000e}{section.2.7}% 24
\BOOKMARK [2][-]{subsection.2.7.2}{\376\377\000M\000o\000d\000\350\000l\000e\000s\000\040\000u\000t\000i\000l\000i\000s\000\351\000s}{section.2.7}% 25
\BOOKMARK [2][-]{subsection.2.7.3}{\376\377\000R\000\351\000s\000u\000l\000t\000a\000t\000s}{section.2.7}% 26
\BOOKMARK [1][-]{section.2.8}{\376\377\000S\000y\000n\000t\000h\000\350\000s\000e\000\040\000e\000t\000\040\000l\000a\000c\000u\000n\000e\000s}{chapter.2}% 27
\BOOKMARK [0][-]{chapter.3}{\376\377\000C\000a\000d\000r\000e\000\040\000d\000u\000\040\000s\000t\000a\000g\000e}{}% 28
\BOOKMARK [1][-]{section.3.1}{\376\377\000L\000a\000b\000o\000r\000a\000t\000o\000i\000r\000e\000\040\000d\040\031\000a\000c\000c\000u\000e\000i\000l\000\040\000e\000t\000\040\000e\000n\000c\000a\000d\000r\000e\000m\000e\000n\000t}{chapter.3}% 29
\BOOKMARK [1][-]{section.3.2}{\376\377\000F\000e\000r\000l\000o\000-\000S\000i\000n\000e}{chapter.3}% 30
\BOOKMARK [1][-]{section.3.3}{\376\377\000Z\000o\000n\000e\000\040\000d\040\031\000\351\000t\000u\000d\000e\000\040\000:\000\040\000B\000a\000r\000y\000,\000\040\000D\000i\000o\000h\000i\000n\000e\000/\000S\000a\000s\000s\000e\000m\000\040\000e\000t\000\040\000S\000o\000p}{chapter.3}% 31
\BOOKMARK [1][-]{section.3.4}{\376\377\000O\000b\000j\000e\000c\000t\000i\000f\000s\000\040\000o\000p\000\351\000r\000a\000t\000i\000o\000n\000n\000e\000l\000s\000\040\000e\000t\000\040\000j\000a\000l\000o\000n\000s}{chapter.3}% 32
\BOOKMARK [0][-]{chapter.4}{\376\377\000D\000o\000n\000n\000\351\000e\000s\000\040\000e\000t\000\040\000o\000u\000t\000i\000l\000s}{}% 33
\BOOKMARK [1][-]{section.4.1}{\376\377\000S\000o\000u\000r\000c\000e\000s\000\040\000e\000t\000\040\000c\000a\000r\000a\000c\000t\000\351\000r\000i\000s\000t\000i\000q\000u\000e\000s\000\040\000d\000e\000s\000\040\000d\000o\000n\000n\000\351\000e\000s}{chapter.4}% 34
\BOOKMARK [2][-]{subsection.4.1.1}{\376\377\000P\000r\000o\000f\000i\000l\000s\000\040\000A\000f\000S\000P\000\040}{section.4.1}% 35
\BOOKMARK [2][-]{subsection.4.1.2}{\376\377\000D\000o\000n\000n\000\351\000e\000s\000\040\000l\000o\000c\000a\000l\000e\000s\000\040\000d\000e\000\040\000l\040\031\000I\000R\000D}{section.4.1}% 36
\BOOKMARK [2][-]{subsection.4.1.3}{\376\377\000P\000r\000o\000f\000i\000l\000s\000\040\000W\000o\000S\000I\000S}{section.4.1}% 37
\BOOKMARK [2][-]{subsection.4.1.4}{\376\377\000I\000m\000a\000g\000e\000r\000i\000e\000\040\000S\000e\000n\000t\000i\000n\000e\000l\000-\0002\000\040\000e\000t\000\040\000L\000a\000n\000d\000s\000a\000t\000-\0008}{section.4.1}% 38
\BOOKMARK [2][-]{subsection.4.1.5}{\376\377\000V\000a\000r\000i\000a\000b\000l\000e\000s\000\040\000d\000\351\000r\000i\000v\000\351\000e\000s\000\040\000\050\000i\000n\000d\000i\000c\000e\000s\000\040\000s\000p\000e\000c\000t\000r\000a\000u\000x\000,\000\040\000t\000o\000p\000o\000g\000r\000a\000p\000h\000i\000e\000,\000\040\000s\000o\000l\000s\000\040\000g\000l\000o\000b\000a\000u\000x\000\051}{section.4.1}% 39
\BOOKMARK [1][-]{section.4.2}{\376\377\000P\000r\000\351\000p\000a\000r\000a\000t\000i\000o\000n\000\040\000e\000t\000\040\000q\000u\000a\000l\000i\000t\000\351\000\040\000d\000e\000s\000\040\000d\000o\000n\000n\000\351\000e\000s}{chapter.4}% 40
\BOOKMARK [2][-]{subsection.4.2.1}{\376\377\000C\000o\000n\000t\000r\000\364\000l\000e\000s\000\040\000e\000t\000\040\000n\000e\000t\000t\000o\000y\000a\000g\000e}{section.4.2}% 41
\BOOKMARK [2][-]{subsection.4.2.2}{\376\377\000H\000a\000r\000m\000o\000n\000i\000s\000a\000t\000i\000o\000n\000\040\000s\000p\000a\000t\000i\000a\000l\000e\000\040\000e\000t\000\040\000t\000e\000m\000p\000o\000r\000e\000l\000l\000e}{section.4.2}% 42
\BOOKMARK [0][-]{chapter.5}{\376\377\000M\000\351\000t\000h\000o\000d\000o\000l\000o\000g\000i\000e}{}% 43
\BOOKMARK [1][-]{section.5.1}{\376\377\000P\000i\000p\000e\000l\000i\000n\000e\000\040\000d\000e\000\040\000c\000o\000l\000l\000e\000c\000t\000e\000\040\000e\000t\000\040\000p\000r\000\351\000p\000a\000r\000a\000t\000i\000o\000n\000\040\000d\000e\000s\000\040\000d\000o\000n\000n\000\351\000e\000s}{chapter.5}% 44
\BOOKMARK [2][-]{subsection.5.1.1}{\376\377\000O\000p\000t\000i\000m\000i\000s\000a\000t\000i\000o\000n\000\040\000e\000t\000\040\000r\000\351\000g\000l\000a\000g\000e\000\040\000d\000e\000s\000\040\000m\000o\000d\000\350\000l\000e\000s}{section.5.1}% 45
\BOOKMARK [1][-]{section.5.2}{\376\377\000M\000u\000l\000t\000i\000-\000L\000a\000y\000e\000r\000\040\000P\000e\000r\000c\000e\000p\000t\000r\000o\000n}{chapter.5}% 46
\BOOKMARK [1][-]{section.5.3}{\376\377\000Q\000u\000a\000n\000t\000i\000f\000i\000c\000a\000t\000i\000o\000n\000\040\000e\000t\000\040\000c\000a\000r\000t\000o\000g\000r\000a\000p\000h\000i\000e\000\040\000d\000e\000\040\000l\040\031\000i\000n\000c\000e\000r\000t\000i\000t\000u\000d\000e}{chapter.5}% 47
\BOOKMARK [1][-]{section.5.4}{\376\377\000L\000i\000m\000i\000t\000e\000s\000\040\000m\000\351\000t\000h\000o\000d\000o\000l\000o\000g\000i\000q\000u\000e\000s\000\040\000e\000t\000\040\000a\000j\000u\000s\000t\000e\000m\000e\000n\000t\000s}{chapter.5}% 48
\BOOKMARK [1][-]{section.5.5}{\376\377\000I\000n\000n\000o\000v\000a\000t\000i\000o\000n\000s\000\040\000m\000\351\000t\000h\000o\000d\000o\000l\000o\000g\000i\000q\000u\000e\000s}{chapter.5}% 49
\BOOKMARK [1][-]{section.5.6}{\376\377\000M\000o\000d\000\350\000l\000e\000s\000\040\000d\000e\000\040\000r\000\351\000f\000\351\000r\000e\000n\000c\000e}{chapter.5}% 50
\BOOKMARK [0][-]{chapter.6}{\376\377\000R\000\351\000s\000u\000l\000t\000a\000t\000s}{}% 51
\BOOKMARK [1][-]{section.6.1}{\376\377\000M\000o\000d\000\350\000l\000e\000s\000\040\000d\000e\000\040\000r\000\351\000f\000\351\000r\000e\000n\000c\000e}{chapter.6}% 52
\BOOKMARK [1][-]{section.6.2}{\376\377\000M\000L\000P}{chapter.6}% 53
\BOOKMARK [2][-]{subsection.6.2.1}{\376\377\000C\000a\000r\000t\000o\000g\000r\000a\000p\000h\000i\000e\000\040\000d\000e\000s\000\040\000p\000r\000\351\000d\000i\000c\000t\000i\000o\000n\000s\000\040\000d\000u\000\040\000S\000O\000C\000\040\000e\000t\000\040\000a\000n\000a\000l\000y\000s\000e\000\040\000d\000e\000s\000\040\000i\000n\000c\000e\000r\000t\000i\000t\000u\000d\000e\000s}{section.6.2}% 54
\BOOKMARK [1][-]{section.6.3}{\376\377\000A\000n\000a\000l\000y\000s\000e\000\040\000c\000o\000m\000p\000a\000r\000a\000t\000i\000v\000e\000\040\000d\000e\000s\000\040\000m\000o\000d\000\350\000l\000e\000s}{chapter.6}% 55
\BOOKMARK [1][-]{section.6.4}{\376\377\000C\000o\000n\000c\000l\000u\000s\000i\000o\000n}{chapter.6}% 56
\BOOKMARK [0][-]{chapter.7}{\376\377\000D\000\351\000p\000l\000o\000i\000e\000m\000e\000n\000t\000\040\000a\000p\000p\000l\000i\000c\000a\000t\000i\000f}{}% 57
\BOOKMARK [1][-]{section.7.1}{\376\377\000O\000b\000j\000e\000c\000t\000i\000f\000s\000\040\000f\000o\000n\000c\000t\000i\000o\000n\000n\000e\000l\000s}{chapter.7}% 58
\BOOKMARK [1][-]{section.7.2}{\376\377\000A\000r\000c\000h\000i\000t\000e\000c\000t\000u\000r\000e\000\040\000\050\000D\000j\000a\000n\000g\000o\000,\000\040\000P\000o\000s\000t\000G\000I\000S\000,\000\040\000A\000P\000I\000\040\000/\000p\000r\000e\000d\000i\000c\000t\000\051}{chapter.7}% 59
\BOOKMARK [1][-]{section.7.3}{\376\377\000S\000\351\000c\000u\000r\000i\000t\000\351\000,\000\040\000p\000e\000r\000f\000o\000r\000m\000a\000n\000c\000e\000s\000\040\000e\000t\000\040\000l\000i\000m\000i\000t\000e\000s}{chapter.7}% 60
\BOOKMARK [0][-]{chapter.8}{\376\377\000C\000o\000n\000c\000l\000u\000s\000i\000o\000n\000\040\000e\000t\000\040\000p\000e\000r\000s\000p\000e\000c\000t\000i\000v\000e\000s}{}% 61
\BOOKMARK [1][-]{section.8.1}{\376\377\000B\000i\000l\000a\000n\000\040\000d\000e\000s\000\040\000c\000o\000n\000t\000r\000i\000b\000u\000t\000i\000o\000n\000s}{chapter.8}% 62
\BOOKMARK [1][-]{section.8.2}{\376\377\000L\000i\000m\000i\000t\000a\000t\000i\000o\000n\000s\000\040\000i\000d\000e\000n\000t\000i\000f\000i\000\351\000e\000s\000\040}{chapter.8}% 63
\BOOKMARK [1][-]{section.8.3}{\376\377\000P\000e\000r\000s\000p\000e\000c\000t\000i\000v\000e\000s\000\040\000s\000c\000i\000e\000n\000t\000i\000f\000i\000q\000u\000e\000s\000\040\000e\000t\000\040\000o\000p\000\351\000r\000a\000t\000i\000o\000n\000n\000e\000l\000l\000e\000s}{chapter.8}% 64
\BOOKMARK [1][-]{section.8.4}{\376\377\000C\000o\000n\000c\000l\000u\000s\000i\000o\000n\000\040\000g\000\351\000n\000\351\000r\000a\000l\000e}{chapter.8}% 65
\BOOKMARK [0][-]{appendix*.30}{\376\377\000A\000n\000n\000e\000x\000e\000s}{}% 66
\BOOKMARK [1][-]{section*.31}{\376\377\000C\000o\000d\000e\000\040\000s\000o\000u\000r\000c\000e}{appendix*.30}% 67
